
  .   ____          _            __ _ _
 /\\ / ___'_ __ _ _(_)_ __  __ _ \ \ \ \
( ( )\___ | '_ | '_| | '_ \/ _` | \ \ \ \
 \\/  ___)| |_)| | | | | || (_| |  ) ) ) )
  '  |____| .__|_| |_|_| |_\__, | / / / /
 =========|_|==============|___/=/_/_/_/
 :: Spring Boot ::                (v3.2.6)

2026-02-01T02:59:53.954+09:00  INFO 10414 --- [           main] c.team06.usermgmt.UserMgmtApplication    : Starting UserMgmtApplication v0.0.1-SNAPSHOT using Java 17.0.17 with PID 10414 (/Users/lilylee_imac/Documents/딥다이브_풀스택16회차/2026_repo/team_06_user/backend/target/usermgmt-0.0.1-SNAPSHOT.jar started by lilylee_imac in /Users/lilylee_imac/Documents/딥다이브_풀스택16회차/2026_repo/team_06_user/backend)
2026-02-01T02:59:53.955+09:00  INFO 10414 --- [           main] c.team06.usermgmt.UserMgmtApplication    : No active profile set, falling back to 1 default profile: "default"
2026-02-01T02:59:54.712+09:00  INFO 10414 --- [           main] o.s.b.w.embedded.tomcat.TomcatWebServer  : Tomcat initialized with port 8080 (http)
2026-02-01T02:59:54.720+09:00  INFO 10414 --- [           main] o.apache.catalina.core.StandardService   : Starting service [Tomcat]
2026-02-01T02:59:54.720+09:00  INFO 10414 --- [           main] o.apache.catalina.core.StandardEngine    : Starting Servlet engine: [Apache Tomcat/10.1.24]
2026-02-01T02:59:54.750+09:00  INFO 10414 --- [           main] o.a.c.c.C.[Tomcat].[localhost].[/]       : Initializing Spring embedded WebApplicationContext
2026-02-01T02:59:54.751+09:00  INFO 10414 --- [           main] w.s.c.ServletWebServerApplicationContext : Root WebApplicationContext: initialization completed in 748 ms
2026-02-01T02:59:55.047+09:00  WARN 10414 --- [           main] ConfigServletWebServerApplicationContext : Exception encountered during context initialization - cancelling refresh attempt: org.springframework.context.ApplicationContextException: Failed to start bean 'webServerStartStop'
2026-02-01T02:59:55.057+09:00  INFO 10414 --- [           main] .s.b.a.l.ConditionEvaluationReportLogger : 

Error starting ApplicationContext. To display the condition evaluation report re-run your application with 'debug' enabled.
2026-02-01T02:59:55.066+09:00 ERROR 10414 --- [           main] o.s.b.d.LoggingFailureAnalysisReporter   : 

***************************
APPLICATION FAILED TO START
***************************

Description:

Web server failed to start. Port 8080 was already in use.

Action:

Identify and stop the process that's listening on port 8080 or configure this application to listen on another port.

